<?xml version="1.0" encoding="UTF-8"?>
<testng-results skipped="0" failed="0" ignored="0" total="4" passed="4">
  <reporter-output>
  </reporter-output>
  <suite name="Suite" duration-ms="41606" started-at="2019-02-17T13:12:07Z" finished-at="2019-02-17T13:12:48Z">
    <groups>
    </groups>
    <test name="Test" duration-ms="41606" started-at="2019-02-17T13:12:07Z" finished-at="2019-02-17T13:12:48Z">
      <class name="com.mercury.test.MercuryReservationTest">
        <test-method status="PASS" signature="setUp()[pri:0, instance:com.mercury.test.MercuryReservationTest@26653222]" name="setUp" is-config="true" duration-ms="11156" started-at="2019-02-17T13:12:07Z" finished-at="2019-02-17T13:12:18Z">
          <reporter-output>
          </reporter-output>
        </test-method> <!-- setUp -->
        <test-method status="PASS" signature="validateMercuryFlightReservationPagetitle()[pri:1, instance:com.mercury.test.MercuryReservationTest@26653222]" name="validateMercuryFlightReservationPagetitle" duration-ms="22" started-at="2019-02-17T13:12:18Z" finished-at="2019-02-17T13:12:18Z">
          <reporter-output>
          </reporter-output>
        </test-method> <!-- validateMercuryFlightReservationPagetitle -->
        <test-method status="PASS" signature="tearDown()[pri:0, instance:com.mercury.test.MercuryReservationTest@26653222]" name="tearDown" is-config="true" duration-ms="1006" started-at="2019-02-17T13:12:18Z" finished-at="2019-02-17T13:12:19Z">
          <reporter-output>
          </reporter-output>
        </test-method> <!-- tearDown -->
        <test-method status="PASS" signature="setUp()[pri:0, instance:com.mercury.test.MercuryReservationTest@26653222]" name="setUp" is-config="true" duration-ms="8736" started-at="2019-02-17T13:12:24Z" finished-at="2019-02-17T13:12:33Z">
          <reporter-output>
          </reporter-output>
        </test-method> <!-- setUp -->
        <test-method status="PASS" signature="validateMercuryFlightReservation()[pri:2, instance:com.mercury.test.MercuryReservationTest@26653222]" name="validateMercuryFlightReservation" duration-ms="4427" started-at="2019-02-17T13:12:33Z" finished-at="2019-02-17T13:12:37Z">
          <reporter-output>
          </reporter-output>
        </test-method> <!-- validateMercuryFlightReservation -->
        <test-method status="PASS" signature="tearDown()[pri:0, instance:com.mercury.test.MercuryReservationTest@26653222]" name="tearDown" is-config="true" duration-ms="974" started-at="2019-02-17T13:12:37Z" finished-at="2019-02-17T13:12:38Z">
          <reporter-output>
          </reporter-output>
        </test-method> <!-- tearDown -->
      </class> <!-- com.mercury.test.MercuryReservationTest -->
      <class name="com.mercury.test.MercuryWelcomeTest">
        <test-method status="PASS" signature="setUp()[pri:0, instance:com.mercury.test.MercuryWelcomeTest@3532ec19]" name="setUp" is-config="true" duration-ms="4265" started-at="2019-02-17T13:12:19Z" finished-at="2019-02-17T13:12:23Z">
          <reporter-output>
          </reporter-output>
        </test-method> <!-- setUp -->
        <test-method status="PASS" signature="validateMercuryWelcomePageTitel()[pri:1, instance:com.mercury.test.MercuryWelcomeTest@3532ec19]" name="validateMercuryWelcomePageTitel" duration-ms="12" started-at="2019-02-17T13:12:23Z" finished-at="2019-02-17T13:12:23Z">
          <reporter-output>
          </reporter-output>
        </test-method> <!-- validateMercuryWelcomePageTitel -->
        <test-method status="PASS" signature="tearDown()[pri:0, instance:com.mercury.test.MercuryWelcomeTest@3532ec19]" name="tearDown" is-config="true" duration-ms="908" started-at="2019-02-17T13:12:23Z" finished-at="2019-02-17T13:12:24Z">
          <reporter-output>
          </reporter-output>
        </test-method> <!-- tearDown -->
        <test-method status="PASS" signature="setUp()[pri:0, instance:com.mercury.test.MercuryWelcomeTest@3532ec19]" name="setUp" is-config="true" duration-ms="4466" started-at="2019-02-17T13:12:38Z" finished-at="2019-02-17T13:12:43Z">
          <reporter-output>
          </reporter-output>
        </test-method> <!-- setUp -->
        <test-method status="PASS" signature="validateMercuryLogin()[pri:2, instance:com.mercury.test.MercuryWelcomeTest@3532ec19]" name="validateMercuryLogin" duration-ms="4594" started-at="2019-02-17T13:12:43Z" finished-at="2019-02-17T13:12:47Z">
          <reporter-output>
          </reporter-output>
        </test-method> <!-- validateMercuryLogin -->
        <test-method status="PASS" signature="tearDown()[pri:0, instance:com.mercury.test.MercuryWelcomeTest@3532ec19]" name="tearDown" is-config="true" duration-ms="991" started-at="2019-02-17T13:12:47Z" finished-at="2019-02-17T13:12:48Z">
          <reporter-output>
          </reporter-output>
        </test-method> <!-- tearDown -->
      </class> <!-- com.mercury.test.MercuryWelcomeTest -->
    </test> <!-- Test -->
  </suite> <!-- Suite -->
</testng-results>
