<?xml version="1.0" encoding="UTF-8"?>
<!-- Generated by org.testng.reporters.JUnitXMLReporter -->
<testsuite hostname="NCA1031772" ignored="0" name="Test" tests="4" failures="0" timestamp="17 Feb 2019 13:12:49 GMT" time="41.606" errors="0">
  <testcase name="validateMercuryFlightReservationPagetitle" time="0.022" classname="com.mercury.test.MercuryReservationTest"/>
  <testcase name="validateMercuryWelcomePageTitel" time="0.012" classname="com.mercury.test.MercuryWelcomeTest"/>
  <testcase name="validateMercuryFlightReservation" time="4.427" classname="com.mercury.test.MercuryReservationTest"/>
  <testcase name="validateMercuryLogin" time="4.594" classname="com.mercury.test.MercuryWelcomeTest"/>
</testsuite> <!-- Test -->
