<?xml version="1.0" encoding="UTF-8"?>
<!-- Generated by org.testng.reporters.JUnitXMLReporter -->
<testsuite hostname="NCA1031772" ignored="0" name="Default test" tests="2" failures="0" timestamp="17 Feb 2019 13:04:44 GMT" time="24.511" errors="0">
  <testcase name="validatePagetitle" time="0.018" classname="com.mercury.test.MercuryReservationTest"/>
  <testcase name="validateFlightReservation" time="3.535" classname="com.mercury.test.MercuryReservationTest"/>
</testsuite> <!-- Default test -->
